2017-07-16 11:19:48.748  INFO 10044 --- [main] c.x.EurekaConsumerRibbonApplicationTests : No active profile set, falling back to default profiles: default
2017-07-16 11:19:48.753  INFO 10044 --- [main] o.s.w.c.s.GenericWebApplicationContext   : Refreshing org.springframework.web.context.support.GenericWebApplicationContext@51e8e6e6: startup date [Sun Jul 16 11:19:48 CST 2017]; parent: org.springframework.context.annotation.AnnotationConfigApplicationContext@28dcca0c
2017-07-16 11:19:49.701  INFO 10044 --- [main] o.s.cloud.context.scope.GenericScope     : BeanFactory id=f7b3e447-3acf-3536-84d7-ebd49b2e8603
2017-07-16 11:19:49.758  INFO 10044 --- [main] f.a.AutowiredAnnotationBeanPostProcessor : JSR-330 'javax.inject.Inject' annotation found and supported for autowiring
2017-07-16 11:19:49.828  INFO 10044 --- [main] trationDelegate$BeanPostProcessorChecker : Bean 'org.springframework.cloud.netflix.metrics.MetricsInterceptorConfiguration$MetricsRestTemplateConfiguration' of type [org.springframework.cloud.netflix.metrics.MetricsInterceptorConfiguration$MetricsRestTemplateConfiguration$$EnhancerBySpringCGLIB$$71bb62d] is not eligible for getting processed by all BeanPostProcessors (for example: not eligible for auto-proxying)
2017-07-16 11:19:49.841  INFO 10044 --- [main] trationDelegate$BeanPostProcessorChecker : Bean 'org.springframework.cloud.autoconfigure.ConfigurationPropertiesRebinderAutoConfiguration' of type [org.springframework.cloud.autoconfigure.ConfigurationPropertiesRebinderAutoConfiguration$$EnhancerBySpringCGLIB$$f10912e9] is not eligible for getting processed by all BeanPostProcessors (for example: not eligible for auto-proxying)
2017-07-16 11:19:50.958  INFO 10044 --- [main] s.w.s.m.m.a.RequestMappingHandlerAdapter : Looking for @ControllerAdvice: org.springframework.web.context.support.GenericWebApplicationContext@51e8e6e6: startup date [Sun Jul 16 11:19:48 CST 2017]; parent: org.springframework.context.annotation.AnnotationConfigApplicationContext@28dcca0c
2017-07-16 11:19:51.064  INFO 10044 --- [main] s.w.s.m.m.a.RequestMappingHandlerMapping : Mapped "{[/dc],methods=[GET]}" onto public java.lang.String com.xrl.web.ConsumerController.dc()
2017-07-16 11:19:51.067  INFO 10044 --- [main] s.w.s.m.m.a.RequestMappingHandlerMapping : Mapped "{[/error]}" onto public org.springframework.http.ResponseEntity<java.util.Map<java.lang.String, java.lang.Object>> org.springframework.boot.autoconfigure.web.BasicErrorController.error(javax.servlet.http.HttpServletRequest)
2017-07-16 11:19:51.067  INFO 10044 --- [main] s.w.s.m.m.a.RequestMappingHandlerMapping : Mapped "{[/error],produces=[text/html]}" onto public org.springframework.web.servlet.ModelAndView org.springframework.boot.autoconfigure.web.BasicErrorController.errorHtml(javax.servlet.http.HttpServletRequest,javax.servlet.http.HttpServletResponse)
2017-07-16 11:19:51.103  INFO 10044 --- [main] o.s.w.s.handler.SimpleUrlHandlerMapping  : Mapped URL path [/webjars/**] onto handler of type [class org.springframework.web.servlet.resource.ResourceHttpRequestHandler]
2017-07-16 11:19:51.104  INFO 10044 --- [main] o.s.w.s.handler.SimpleUrlHandlerMapping  : Mapped URL path [/**] onto handler of type [class org.springframework.web.servlet.resource.ResourceHttpRequestHandler]
2017-07-16 11:19:51.148  INFO 10044 --- [main] o.s.w.s.handler.SimpleUrlHandlerMapping  : Mapped URL path [/**/favicon.ico] onto handler of type [class org.springframework.web.servlet.resource.ResourceHttpRequestHandler]
2017-07-16 11:19:51.755  INFO 10044 --- [main] o.s.b.a.e.mvc.EndpointHandlerMapping     : Mapped "{[/service-registry/instance-status],methods=[GET]}" onto public org.springframework.http.ResponseEntity org.springframework.cloud.client.serviceregistry.endpoint.ServiceRegistryEndpoint.getStatus()
2017-07-16 11:19:51.756  INFO 10044 --- [main] o.s.b.a.e.mvc.EndpointHandlerMapping     : Mapped "{[/service-registry/instance-status],methods=[POST]}" onto public org.springframework.http.ResponseEntity<?> org.springframework.cloud.client.serviceregistry.endpoint.ServiceRegistryEndpoint.setStatus(java.lang.String)
2017-07-16 11:19:51.757  INFO 10044 --- [main] o.s.b.a.e.mvc.EndpointHandlerMapping     : Mapped "{[/autoconfig || /autoconfig.json],methods=[GET],produces=[application/vnd.spring-boot.actuator.v1+json || application/json]}" onto public java.lang.Object org.springframework.boot.actuate.endpoint.mvc.EndpointMvcAdapter.invoke()
2017-07-16 11:19:51.758  INFO 10044 --- [main] o.s.b.a.e.mvc.EndpointHandlerMapping     : Mapped "{[/resume || /resume.json],methods=[POST]}" onto public java.lang.Object org.springframework.cloud.endpoint.GenericPostableMvcEndpoint.invoke()
2017-07-16 11:19:51.759  INFO 10044 --- [main] o.s.b.a.e.mvc.EndpointHandlerMapping     : Mapped "{[/restart || /restart.json],methods=[POST]}" onto public java.lang.Object org.springframework.cloud.context.restart.RestartMvcEndpoint.invoke()
2017-07-16 11:19:51.761  INFO 10044 --- [main] o.s.b.a.e.mvc.EndpointHandlerMapping     : Mapped "{[/auditevents || /auditevents.json],methods=[GET],produces=[application/vnd.spring-boot.actuator.v1+json || application/json]}" onto public org.springframework.http.ResponseEntity<?> org.springframework.boot.actuate.endpoint.mvc.AuditEventsMvcEndpoint.findByPrincipalAndAfterAndType(java.lang.String,java.util.Date,java.lang.String)
2017-07-16 11:19:51.762  INFO 10044 --- [main] o.s.b.a.e.mvc.EndpointHandlerMapping     : Mapped "{[/env/{name:.*}],methods=[GET],produces=[application/vnd.spring-boot.actuator.v1+json || application/json]}" onto public java.lang.Object org.springframework.boot.actuate.endpoint.mvc.EnvironmentMvcEndpoint.value(java.lang.String)
2017-07-16 11:19:51.763  INFO 10044 --- [main] o.s.b.a.e.mvc.EndpointHandlerMapping     : Mapped "{[/env || /env.json],methods=[GET],produces=[application/vnd.spring-boot.actuator.v1+json || application/json]}" onto public java.lang.Object org.springframework.boot.actuate.endpoint.mvc.EndpointMvcAdapter.invoke()
2017-07-16 11:19:51.764  INFO 10044 --- [main] o.s.b.a.e.mvc.EndpointHandlerMapping     : Mapped "{[/heapdump || /heapdump.json],methods=[GET],produces=[application/octet-stream]}" onto public void org.springframework.boot.actuate.endpoint.mvc.HeapdumpMvcEndpoint.invoke(boolean,javax.servlet.http.HttpServletRequest,javax.servlet.http.HttpServletResponse) throws java.io.IOException,javax.servlet.ServletException
2017-07-16 11:19:51.764  INFO 10044 --- [main] o.s.b.a.e.mvc.EndpointHandlerMapping     : Mapped "{[/features || /features.json],methods=[GET],produces=[application/vnd.spring-boot.actuator.v1+json || application/json]}" onto public java.lang.Object org.springframework.boot.actuate.endpoint.mvc.EndpointMvcAdapter.invoke()
2017-07-16 11:19:51.765  INFO 10044 --- [main] o.s.b.a.e.mvc.EndpointHandlerMapping     : Mapped "{[/env],methods=[POST]}" onto public java.lang.Object org.springframework.cloud.context.environment.EnvironmentManagerMvcEndpoint.value(java.util.Map<java.lang.String, java.lang.String>)
2017-07-16 11:19:51.765  INFO 10044 --- [main] o.s.b.a.e.mvc.EndpointHandlerMapping     : Mapped "{[/env/reset],methods=[POST]}" onto public java.util.Map<java.lang.String, java.lang.Object> org.springframework.cloud.context.environment.EnvironmentManagerMvcEndpoint.reset()
2017-07-16 11:19:51.767  INFO 10044 --- [main] o.s.b.a.e.mvc.EndpointHandlerMapping     : Mapped "{[/beans || /beans.json],methods=[GET],produces=[application/vnd.spring-boot.actuator.v1+json || application/json]}" onto public java.lang.Object org.springframework.boot.actuate.endpoint.mvc.EndpointMvcAdapter.invoke()
2017-07-16 11:19:51.768  INFO 10044 --- [main] o.s.b.a.e.mvc.EndpointHandlerMapping     : Mapped "{[/logfile || /logfile.json],methods=[GET || HEAD]}" onto public void org.springframework.boot.actuate.endpoint.mvc.LogFileMvcEndpoint.invoke(javax.servlet.http.HttpServletRequest,javax.servlet.http.HttpServletResponse) throws javax.servlet.ServletException,java.io.IOException
2017-07-16 11:19:51.769  INFO 10044 --- [main] o.s.b.a.e.mvc.EndpointHandlerMapping     : Mapped "{[/configprops || /configprops.json],methods=[GET],produces=[application/vnd.spring-boot.actuator.v1+json || application/json]}" onto public java.lang.Object org.springframework.boot.actuate.endpoint.mvc.EndpointMvcAdapter.invoke()
2017-07-16 11:19:51.770  INFO 10044 --- [main] o.s.b.a.e.mvc.EndpointHandlerMapping     : Mapped "{[/refresh || /refresh.json],methods=[POST]}" onto public java.lang.Object org.springframework.cloud.endpoint.GenericPostableMvcEndpoint.invoke()
2017-07-16 11:19:51.771  INFO 10044 --- [main] o.s.b.a.e.mvc.EndpointHandlerMapping     : Mapped "{[/archaius || /archaius.json],methods=[GET],produces=[application/vnd.spring-boot.actuator.v1+json || application/json]}" onto public java.lang.Object org.springframework.boot.actuate.endpoint.mvc.EndpointMvcAdapter.invoke()
2017-07-16 11:19:51.772  INFO 10044 --- [main] o.s.b.a.e.mvc.EndpointHandlerMapping     : Mapped "{[/pause || /pause.json],methods=[POST]}" onto public java.lang.Object org.springframework.cloud.endpoint.GenericPostableMvcEndpoint.invoke()
2017-07-16 11:19:51.772  INFO 10044 --- [main] o.s.b.a.e.mvc.EndpointHandlerMapping     : Mapped "{[/trace || /trace.json],methods=[GET],produces=[application/vnd.spring-boot.actuator.v1+json || application/json]}" onto public java.lang.Object org.springframework.boot.actuate.endpoint.mvc.EndpointMvcAdapter.invoke()
2017-07-16 11:19:51.773  INFO 10044 --- [main] o.s.b.a.e.mvc.EndpointHandlerMapping     : Mapped "{[/info || /info.json],methods=[GET],produces=[application/vnd.spring-boot.actuator.v1+json || application/json]}" onto public java.lang.Object org.springframework.boot.actuate.endpoint.mvc.EndpointMvcAdapter.invoke()
2017-07-16 11:19:51.775  INFO 10044 --- [main] o.s.b.a.e.mvc.EndpointHandlerMapping     : Mapped "{[/dump || /dump.json],methods=[GET],produces=[application/vnd.spring-boot.actuator.v1+json || application/json]}" onto public java.lang.Object org.springframework.boot.actuate.endpoint.mvc.EndpointMvcAdapter.invoke()
2017-07-16 11:19:51.775  INFO 10044 --- [main] o.s.b.a.e.mvc.EndpointHandlerMapping     : Mapped "{[/mappings || /mappings.json],methods=[GET],produces=[application/vnd.spring-boot.actuator.v1+json || application/json]}" onto public java.lang.Object org.springframework.boot.actuate.endpoint.mvc.EndpointMvcAdapter.invoke()
2017-07-16 11:19:51.776  INFO 10044 --- [main] o.s.b.a.e.mvc.EndpointHandlerMapping     : Mapped "{[/metrics/{name:.*}],methods=[GET],produces=[application/vnd.spring-boot.actuator.v1+json || application/json]}" onto public java.lang.Object org.springframework.boot.actuate.endpoint.mvc.MetricsMvcEndpoint.value(java.lang.String)
2017-07-16 11:19:51.776  INFO 10044 --- [main] o.s.b.a.e.mvc.EndpointHandlerMapping     : Mapped "{[/metrics || /metrics.json],methods=[GET],produces=[application/vnd.spring-boot.actuator.v1+json || application/json]}" onto public java.lang.Object org.springframework.boot.actuate.endpoint.mvc.EndpointMvcAdapter.invoke()
2017-07-16 11:19:51.778  INFO 10044 --- [main] o.s.b.a.e.mvc.EndpointHandlerMapping     : Mapped "{[/loggers/{name:.*}],methods=[GET],produces=[application/vnd.spring-boot.actuator.v1+json || application/json]}" onto public java.lang.Object org.springframework.boot.actuate.endpoint.mvc.LoggersMvcEndpoint.get(java.lang.String)
2017-07-16 11:19:51.779  INFO 10044 --- [main] o.s.b.a.e.mvc.EndpointHandlerMapping     : Mapped "{[/loggers/{name:.*}],methods=[POST],consumes=[application/vnd.spring-boot.actuator.v1+json || application/json],produces=[application/vnd.spring-boot.actuator.v1+json || application/json]}" onto public java.lang.Object org.springframework.boot.actuate.endpoint.mvc.LoggersMvcEndpoint.set(java.lang.String,java.util.Map<java.lang.String, java.lang.String>)
2017-07-16 11:19:51.779  INFO 10044 --- [main] o.s.b.a.e.mvc.EndpointHandlerMapping     : Mapped "{[/loggers || /loggers.json],methods=[GET],produces=[application/vnd.spring-boot.actuator.v1+json || application/json]}" onto public java.lang.Object org.springframework.boot.actuate.endpoint.mvc.EndpointMvcAdapter.invoke()
2017-07-16 11:19:51.780  INFO 10044 --- [main] o.s.b.a.e.mvc.EndpointHandlerMapping     : Mapped "{[/health || /health.json],methods=[GET],produces=[application/vnd.spring-boot.actuator.v1+json || application/json]}" onto public java.lang.Object org.springframework.boot.actuate.endpoint.mvc.HealthMvcEndpoint.invoke(javax.servlet.http.HttpServletRequest,java.security.Principal)
2017-07-16 11:19:51.924  INFO 10044 --- [main] o.s.ui.freemarker.SpringTemplateLoader   : SpringTemplateLoader for FreeMarker: using resource loader [org.springframework.web.context.support.GenericWebApplicationContext@51e8e6e6: startup date [Sun Jul 16 11:19:48 CST 2017]; parent: org.springframework.context.annotation.AnnotationConfigApplicationContext@28dcca0c] and template loader path [classpath:/templates/]
2017-07-16 11:19:51.925  INFO 10044 --- [main] o.s.w.s.v.f.FreeMarkerConfigurer         : ClassTemplateLoader for Spring macros added to FreeMarker configuration
2017-07-16 11:19:52.065  WARN 10044 --- [main] c.n.c.sources.URLConfigurationSource     : No URLs will be polled as dynamic configuration sources.
2017-07-16 11:19:52.067  INFO 10044 --- [main] c.n.c.sources.URLConfigurationSource     : To enable URLs as dynamic configuration sources, define System property archaius.configurationSource.additionalUrls or make config.properties available on classpath.
2017-07-16 11:19:52.073  WARN 10044 --- [main] c.n.c.sources.URLConfigurationSource     : No URLs will be polled as dynamic configuration sources.
2017-07-16 11:19:52.073  INFO 10044 --- [main] c.n.c.sources.URLConfigurationSource     : To enable URLs as dynamic configuration sources, define System property archaius.configurationSource.additionalUrls or make config.properties available on classpath.
2017-07-16 11:19:52.440  INFO 10044 --- [main] o.s.c.support.DefaultLifecycleProcessor  : Starting beans in phase 0
2017-07-16 11:19:52.459  INFO 10044 --- [main] c.x.EurekaConsumerRibbonApplicationTests : Started EurekaConsumerRibbonApplicationTests in 5.499 seconds (JVM running for 6.324)
2017-07-16 11:19:52.515  INFO 10044 --- [Thread-5] o.s.w.c.s.GenericWebApplicationContext   : Closing org.springframework.web.context.support.GenericWebApplicationContext@51e8e6e6: startup date [Sun Jul 16 11:19:48 CST 2017]; parent: org.springframework.context.annotation.AnnotationConfigApplicationContext@28dcca0c
2017-07-16 11:19:52.526  INFO 10044 --- [Thread-5] o.s.c.n.eureka.InstanceInfoFactory       : Setting initial instance status as: STARTING
2017-07-16 11:19:52.541  INFO 10044 --- [Thread-5] o.s.c.n.e.s.EurekaServiceRegistry        : Unregistering application eureka-consumer with eureka with status DOWN
2017-07-16 11:19:52.584  INFO 10044 --- [Thread-5] com.netflix.discovery.DiscoveryClient    : Initializing Eureka in region us-east-1
2017-07-16 11:19:53.230  INFO 10044 --- [Thread-5] c.n.d.provider.DiscoveryJerseyProvider   : Using JSON encoding codec LegacyJacksonJson
2017-07-16 11:19:53.230  INFO 10044 --- [Thread-5] c.n.d.provider.DiscoveryJerseyProvider   : Using JSON decoding codec LegacyJacksonJson
2017-07-16 11:19:53.349  INFO 10044 --- [Thread-5] c.n.d.provider.DiscoveryJerseyProvider   : Using XML encoding codec XStreamXml
2017-07-16 11:19:53.350  INFO 10044 --- [Thread-5] c.n.d.provider.DiscoveryJerseyProvider   : Using XML decoding codec XStreamXml
2017-07-16 11:19:53.547  INFO 10044 --- [Thread-5] c.n.d.s.r.aws.ConfigClusterResolver      : Resolving eureka endpoints via configuration
2017-07-16 11:19:53.718  INFO 10044 --- [Thread-5] com.netflix.discovery.DiscoveryClient    : Disable delta property : false
2017-07-16 11:19:53.718  INFO 10044 --- [Thread-5] com.netflix.discovery.DiscoveryClient    : Single vip registry refresh property : null
2017-07-16 11:19:53.718  INFO 10044 --- [Thread-5] com.netflix.discovery.DiscoveryClient    : Force full registry fetch : false
2017-07-16 11:19:53.718  INFO 10044 --- [Thread-5] com.netflix.discovery.DiscoveryClient    : Application is null : false
2017-07-16 11:19:53.718  INFO 10044 --- [Thread-5] com.netflix.discovery.DiscoveryClient    : Registered Applications size is zero : true
2017-07-16 11:19:53.719  INFO 10044 --- [Thread-5] com.netflix.discovery.DiscoveryClient    : Application version is -1: true
2017-07-16 11:19:53.719  INFO 10044 --- [Thread-5] com.netflix.discovery.DiscoveryClient    : Getting all instance registry info from the eureka server
2017-07-16 11:19:53.955  INFO 10044 --- [Thread-5] com.netflix.discovery.DiscoveryClient    : The response status is 200
2017-07-16 11:19:53.957  INFO 10044 --- [Thread-5] com.netflix.discovery.DiscoveryClient    : Starting heartbeat executor: renew interval is: 30
2017-07-16 11:19:53.961  INFO 10044 --- [Thread-5] c.n.discovery.InstanceInfoReplicator     : InstanceInfoReplicator onDemand update allowed rate per min is 4
2017-07-16 11:19:53.964  INFO 10044 --- [Thread-5] com.netflix.discovery.DiscoveryClient    : Discovery Client initialized at timestamp 1500175193964 with initial instances count: 2
2017-07-16 11:19:53.995  INFO 10044 --- [Thread-5] com.netflix.discovery.DiscoveryClient    : Shutting down DiscoveryClient ...
2017-07-16 11:19:53.995  INFO 10044 --- [Thread-5] com.netflix.discovery.DiscoveryClient    : Unregistering ...
2017-07-16 11:19:54.005  INFO 10044 --- [Thread-5] com.netflix.discovery.DiscoveryClient    : DiscoveryClient_EUREKA-CONSUMER/192.168.1.104:eureka-consumer:-1 - deregister  status: 404
2017-07-16 11:19:54.010  INFO 10044 --- [Thread-5] com.netflix.discovery.DiscoveryClient    : Completed shut down of DiscoveryClient
2017-07-16 11:19:54.012  INFO 10044 --- [Thread-5] o.s.c.support.DefaultLifecycleProcessor  : Stopping beans in phase 0
2017-07-16 13:03:52.718  INFO 13004 --- [main] c.x.EurekaConsumerRibbonApplicationTests : No active profile set, falling back to default profiles: default
2017-07-16 13:03:52.725  INFO 13004 --- [main] o.s.w.c.s.GenericWebApplicationContext   : Refreshing org.springframework.web.context.support.GenericWebApplicationContext@b40bb6e: startup date [Sun Jul 16 13:03:52 CST 2017]; parent: org.springframework.context.annotation.AnnotationConfigApplicationContext@28dcca0c
2017-07-16 13:03:53.796  INFO 13004 --- [main] o.s.cloud.context.scope.GenericScope     : BeanFactory id=f7b3e447-3acf-3536-84d7-ebd49b2e8603
2017-07-16 13:03:53.854  INFO 13004 --- [main] f.a.AutowiredAnnotationBeanPostProcessor : JSR-330 'javax.inject.Inject' annotation found and supported for autowiring
2017-07-16 13:03:53.934  INFO 13004 --- [main] trationDelegate$BeanPostProcessorChecker : Bean 'org.springframework.cloud.netflix.metrics.MetricsInterceptorConfiguration$MetricsRestTemplateConfiguration' of type [org.springframework.cloud.netflix.metrics.MetricsInterceptorConfiguration$MetricsRestTemplateConfiguration$$EnhancerBySpringCGLIB$$71bb62d] is not eligible for getting processed by all BeanPostProcessors (for example: not eligible for auto-proxying)
2017-07-16 13:03:53.949  INFO 13004 --- [main] trationDelegate$BeanPostProcessorChecker : Bean 'org.springframework.cloud.autoconfigure.ConfigurationPropertiesRebinderAutoConfiguration' of type [org.springframework.cloud.autoconfigure.ConfigurationPropertiesRebinderAutoConfiguration$$EnhancerBySpringCGLIB$$f10912e9] is not eligible for getting processed by all BeanPostProcessors (for example: not eligible for auto-proxying)
2017-07-16 13:03:55.101  INFO 13004 --- [main] s.w.s.m.m.a.RequestMappingHandlerAdapter : Looking for @ControllerAdvice: org.springframework.web.context.support.GenericWebApplicationContext@b40bb6e: startup date [Sun Jul 16 13:03:52 CST 2017]; parent: org.springframework.context.annotation.AnnotationConfigApplicationContext@28dcca0c
2017-07-16 13:03:55.223  INFO 13004 --- [main] s.w.s.m.m.a.RequestMappingHandlerMapping : Mapped "{[/dc],methods=[GET]}" onto public java.lang.String com.xrl.web.ConsumerController.dc()
2017-07-16 13:03:55.226  INFO 13004 --- [main] s.w.s.m.m.a.RequestMappingHandlerMapping : Mapped "{[/error]}" onto public org.springframework.http.ResponseEntity<java.util.Map<java.lang.String, java.lang.Object>> org.springframework.boot.autoconfigure.web.BasicErrorController.error(javax.servlet.http.HttpServletRequest)
2017-07-16 13:03:55.227  INFO 13004 --- [main] s.w.s.m.m.a.RequestMappingHandlerMapping : Mapped "{[/error],produces=[text/html]}" onto public org.springframework.web.servlet.ModelAndView org.springframework.boot.autoconfigure.web.BasicErrorController.errorHtml(javax.servlet.http.HttpServletRequest,javax.servlet.http.HttpServletResponse)
2017-07-16 13:03:55.266  INFO 13004 --- [main] o.s.w.s.handler.SimpleUrlHandlerMapping  : Mapped URL path [/webjars/**] onto handler of type [class org.springframework.web.servlet.resource.ResourceHttpRequestHandler]
2017-07-16 13:03:55.266  INFO 13004 --- [main] o.s.w.s.handler.SimpleUrlHandlerMapping  : Mapped URL path [/**] onto handler of type [class org.springframework.web.servlet.resource.ResourceHttpRequestHandler]
2017-07-16 13:03:55.319  INFO 13004 --- [main] o.s.w.s.handler.SimpleUrlHandlerMapping  : Mapped URL path [/**/favicon.ico] onto handler of type [class org.springframework.web.servlet.resource.ResourceHttpRequestHandler]
2017-07-16 13:03:55.971  INFO 13004 --- [main] o.s.b.a.e.mvc.EndpointHandlerMapping     : Mapped "{[/env/{name:.*}],methods=[GET],produces=[application/vnd.spring-boot.actuator.v1+json || application/json]}" onto public java.lang.Object org.springframework.boot.actuate.endpoint.mvc.EnvironmentMvcEndpoint.value(java.lang.String)
2017-07-16 13:03:55.971  INFO 13004 --- [main] o.s.b.a.e.mvc.EndpointHandlerMapping     : Mapped "{[/env || /env.json],methods=[GET],produces=[application/vnd.spring-boot.actuator.v1+json || application/json]}" onto public java.lang.Object org.springframework.boot.actuate.endpoint.mvc.EndpointMvcAdapter.invoke()
2017-07-16 13:03:55.972  INFO 13004 --- [main] o.s.b.a.e.mvc.EndpointHandlerMapping     : Mapped "{[/info || /info.json],methods=[GET],produces=[application/vnd.spring-boot.actuator.v1+json || application/json]}" onto public java.lang.Object org.springframework.boot.actuate.endpoint.mvc.EndpointMvcAdapter.invoke()
2017-07-16 13:03:55.976  INFO 13004 --- [main] o.s.b.a.e.mvc.EndpointHandlerMapping     : Mapped "{[/loggers/{name:.*}],methods=[GET],produces=[application/vnd.spring-boot.actuator.v1+json || application/json]}" onto public java.lang.Object org.springframework.boot.actuate.endpoint.mvc.LoggersMvcEndpoint.get(java.lang.String)
2017-07-16 13:03:55.976  INFO 13004 --- [main] o.s.b.a.e.mvc.EndpointHandlerMapping     : Mapped "{[/loggers/{name:.*}],methods=[POST],consumes=[application/vnd.spring-boot.actuator.v1+json || application/json],produces=[application/vnd.spring-boot.actuator.v1+json || application/json]}" onto public java.lang.Object org.springframework.boot.actuate.endpoint.mvc.LoggersMvcEndpoint.set(java.lang.String,java.util.Map<java.lang.String, java.lang.String>)
2017-07-16 13:03:55.977  INFO 13004 --- [main] o.s.b.a.e.mvc.EndpointHandlerMapping     : Mapped "{[/loggers || /loggers.json],methods=[GET],produces=[application/vnd.spring-boot.actuator.v1+json || application/json]}" onto public java.lang.Object org.springframework.boot.actuate.endpoint.mvc.EndpointMvcAdapter.invoke()
2017-07-16 13:03:55.978  INFO 13004 --- [main] o.s.b.a.e.mvc.EndpointHandlerMapping     : Mapped "{[/trace || /trace.json],methods=[GET],produces=[application/vnd.spring-boot.actuator.v1+json || application/json]}" onto public java.lang.Object org.springframework.boot.actuate.endpoint.mvc.EndpointMvcAdapter.invoke()
2017-07-16 13:03:55.978  INFO 13004 --- [main] o.s.b.a.e.mvc.EndpointHandlerMapping     : Mapped "{[/service-registry/instance-status],methods=[GET]}" onto public org.springframework.http.ResponseEntity org.springframework.cloud.client.serviceregistry.endpoint.ServiceRegistryEndpoint.getStatus()
2017-07-16 13:03:55.979  INFO 13004 --- [main] o.s.b.a.e.mvc.EndpointHandlerMapping     : Mapped "{[/service-registry/instance-status],methods=[POST]}" onto public org.springframework.http.ResponseEntity<?> org.springframework.cloud.client.serviceregistry.endpoint.ServiceRegistryEndpoint.setStatus(java.lang.String)
2017-07-16 13:03:55.980  INFO 13004 --- [main] o.s.b.a.e.mvc.EndpointHandlerMapping     : Mapped "{[/heapdump || /heapdump.json],methods=[GET],produces=[application/octet-stream]}" onto public void org.springframework.boot.actuate.endpoint.mvc.HeapdumpMvcEndpoint.invoke(boolean,javax.servlet.http.HttpServletRequest,javax.servlet.http.HttpServletResponse) throws java.io.IOException,javax.servlet.ServletException
2017-07-16 13:03:55.981  INFO 13004 --- [main] o.s.b.a.e.mvc.EndpointHandlerMapping     : Mapped "{[/dump || /dump.json],methods=[GET],produces=[application/vnd.spring-boot.actuator.v1+json || application/json]}" onto public java.lang.Object org.springframework.boot.actuate.endpoint.mvc.EndpointMvcAdapter.invoke()
2017-07-16 13:03:55.983  INFO 13004 --- [main] o.s.b.a.e.mvc.EndpointHandlerMapping     : Mapped "{[/restart || /restart.json],methods=[POST]}" onto public java.lang.Object org.springframework.cloud.context.restart.RestartMvcEndpoint.invoke()
2017-07-16 13:03:55.984  INFO 13004 --- [main] o.s.b.a.e.mvc.EndpointHandlerMapping     : Mapped "{[/resume || /resume.json],methods=[POST]}" onto public java.lang.Object org.springframework.cloud.endpoint.GenericPostableMvcEndpoint.invoke()
2017-07-16 13:03:55.985  INFO 13004 --- [main] o.s.b.a.e.mvc.EndpointHandlerMapping     : Mapped "{[/refresh || /refresh.json],methods=[POST]}" onto public java.lang.Object org.springframework.cloud.endpoint.GenericPostableMvcEndpoint.invoke()
2017-07-16 13:03:55.986  INFO 13004 --- [main] o.s.b.a.e.mvc.EndpointHandlerMapping     : Mapped "{[/auditevents || /auditevents.json],methods=[GET],produces=[application/vnd.spring-boot.actuator.v1+json || application/json]}" onto public org.springframework.http.ResponseEntity<?> org.springframework.boot.actuate.endpoint.mvc.AuditEventsMvcEndpoint.findByPrincipalAndAfterAndType(java.lang.String,java.util.Date,java.lang.String)
2017-07-16 13:03:55.987  INFO 13004 --- [main] o.s.b.a.e.mvc.EndpointHandlerMapping     : Mapped "{[/features || /features.json],methods=[GET],produces=[application/vnd.spring-boot.actuator.v1+json || application/json]}" onto public java.lang.Object org.springframework.boot.actuate.endpoint.mvc.EndpointMvcAdapter.invoke()
2017-07-16 13:03:55.988  INFO 13004 --- [main] o.s.b.a.e.mvc.EndpointHandlerMapping     : Mapped "{[/mappings || /mappings.json],methods=[GET],produces=[application/vnd.spring-boot.actuator.v1+json || application/json]}" onto public java.lang.Object org.springframework.boot.actuate.endpoint.mvc.EndpointMvcAdapter.invoke()
2017-07-16 13:03:55.990  INFO 13004 --- [main] o.s.b.a.e.mvc.EndpointHandlerMapping     : Mapped "{[/logfile || /logfile.json],methods=[GET || HEAD]}" onto public void org.springframework.boot.actuate.endpoint.mvc.LogFileMvcEndpoint.invoke(javax.servlet.http.HttpServletRequest,javax.servlet.http.HttpServletResponse) throws javax.servlet.ServletException,java.io.IOException
2017-07-16 13:03:55.992  INFO 13004 --- [main] o.s.b.a.e.mvc.EndpointHandlerMapping     : Mapped "{[/env],methods=[POST]}" onto public java.lang.Object org.springframework.cloud.context.environment.EnvironmentManagerMvcEndpoint.value(java.util.Map<java.lang.String, java.lang.String>)
2017-07-16 13:03:55.992  INFO 13004 --- [main] o.s.b.a.e.mvc.EndpointHandlerMapping     : Mapped "{[/env/reset],methods=[POST]}" onto public java.util.Map<java.lang.String, java.lang.Object> org.springframework.cloud.context.environment.EnvironmentManagerMvcEndpoint.reset()
2017-07-16 13:03:55.993  INFO 13004 --- [main] o.s.b.a.e.mvc.EndpointHandlerMapping     : Mapped "{[/autoconfig || /autoconfig.json],methods=[GET],produces=[application/vnd.spring-boot.actuator.v1+json || application/json]}" onto public java.lang.Object org.springframework.boot.actuate.endpoint.mvc.EndpointMvcAdapter.invoke()
2017-07-16 13:03:55.994  INFO 13004 --- [main] o.s.b.a.e.mvc.EndpointHandlerMapping     : Mapped "{[/configprops || /configprops.json],methods=[GET],produces=[application/vnd.spring-boot.actuator.v1+json || application/json]}" onto public java.lang.Object org.springframework.boot.actuate.endpoint.mvc.EndpointMvcAdapter.invoke()
2017-07-16 13:03:55.995  INFO 13004 --- [main] o.s.b.a.e.mvc.EndpointHandlerMapping     : Mapped "{[/beans || /beans.json],methods=[GET],produces=[application/vnd.spring-boot.actuator.v1+json || application/json]}" onto public java.lang.Object org.springframework.boot.actuate.endpoint.mvc.EndpointMvcAdapter.invoke()
2017-07-16 13:03:55.997  INFO 13004 --- [main] o.s.b.a.e.mvc.EndpointHandlerMapping     : Mapped "{[/archaius || /archaius.json],methods=[GET],produces=[application/vnd.spring-boot.actuator.v1+json || application/json]}" onto public java.lang.Object org.springframework.boot.actuate.endpoint.mvc.EndpointMvcAdapter.invoke()
2017-07-16 13:03:55.998  INFO 13004 --- [main] o.s.b.a.e.mvc.EndpointHandlerMapping     : Mapped "{[/health || /health.json],methods=[GET],produces=[application/vnd.spring-boot.actuator.v1+json || application/json]}" onto public java.lang.Object org.springframework.boot.actuate.endpoint.mvc.HealthMvcEndpoint.invoke(javax.servlet.http.HttpServletRequest,java.security.Principal)
2017-07-16 13:03:55.998  INFO 13004 --- [main] o.s.b.a.e.mvc.EndpointHandlerMapping     : Mapped "{[/metrics/{name:.*}],methods=[GET],produces=[application/vnd.spring-boot.actuator.v1+json || application/json]}" onto public java.lang.Object org.springframework.boot.actuate.endpoint.mvc.MetricsMvcEndpoint.value(java.lang.String)
2017-07-16 13:03:55.999  INFO 13004 --- [main] o.s.b.a.e.mvc.EndpointHandlerMapping     : Mapped "{[/metrics || /metrics.json],methods=[GET],produces=[application/vnd.spring-boot.actuator.v1+json || application/json]}" onto public java.lang.Object org.springframework.boot.actuate.endpoint.mvc.EndpointMvcAdapter.invoke()
2017-07-16 13:03:55.999  INFO 13004 --- [main] o.s.b.a.e.mvc.EndpointHandlerMapping     : Mapped "{[/pause || /pause.json],methods=[POST]}" onto public java.lang.Object org.springframework.cloud.endpoint.GenericPostableMvcEndpoint.invoke()
2017-07-16 13:03:56.181  INFO 13004 --- [main] o.s.ui.freemarker.SpringTemplateLoader   : SpringTemplateLoader for FreeMarker: using resource loader [org.springframework.web.context.support.GenericWebApplicationContext@b40bb6e: startup date [Sun Jul 16 13:03:52 CST 2017]; parent: org.springframework.context.annotation.AnnotationConfigApplicationContext@28dcca0c] and template loader path [classpath:/templates/]
2017-07-16 13:03:56.186  INFO 13004 --- [main] o.s.w.s.v.f.FreeMarkerConfigurer         : ClassTemplateLoader for Spring macros added to FreeMarker configuration
2017-07-16 13:03:56.333  WARN 13004 --- [main] c.n.c.sources.URLConfigurationSource     : No URLs will be polled as dynamic configuration sources.
2017-07-16 13:03:56.334  INFO 13004 --- [main] c.n.c.sources.URLConfigurationSource     : To enable URLs as dynamic configuration sources, define System property archaius.configurationSource.additionalUrls or make config.properties available on classpath.
2017-07-16 13:03:56.342  WARN 13004 --- [main] c.n.c.sources.URLConfigurationSource     : No URLs will be polled as dynamic configuration sources.
2017-07-16 13:03:56.343  INFO 13004 --- [main] c.n.c.sources.URLConfigurationSource     : To enable URLs as dynamic configuration sources, define System property archaius.configurationSource.additionalUrls or make config.properties available on classpath.
2017-07-16 13:03:56.577  INFO 13004 --- [main] o.s.c.support.DefaultLifecycleProcessor  : Starting beans in phase 0
2017-07-16 13:03:56.597  INFO 13004 --- [main] c.x.EurekaConsumerRibbonApplicationTests : Started EurekaConsumerRibbonApplicationTests in 5.689 seconds (JVM running for 6.51)
2017-07-16 13:03:56.655  INFO 13004 --- [Thread-5] o.s.w.c.s.GenericWebApplicationContext   : Closing org.springframework.web.context.support.GenericWebApplicationContext@b40bb6e: startup date [Sun Jul 16 13:03:52 CST 2017]; parent: org.springframework.context.annotation.AnnotationConfigApplicationContext@28dcca0c
2017-07-16 13:03:56.664  INFO 13004 --- [Thread-5] o.s.c.n.eureka.InstanceInfoFactory       : Setting initial instance status as: STARTING
2017-07-16 13:03:56.675  INFO 13004 --- [Thread-5] o.s.c.n.e.s.EurekaServiceRegistry        : Unregistering application eureka-consumer with eureka with status DOWN
2017-07-16 13:03:56.834  INFO 13004 --- [Thread-5] com.netflix.discovery.DiscoveryClient    : Initializing Eureka in region us-east-1
2017-07-16 13:03:57.498  INFO 13004 --- [Thread-5] c.n.d.provider.DiscoveryJerseyProvider   : Using JSON encoding codec LegacyJacksonJson
2017-07-16 13:03:57.498  INFO 13004 --- [Thread-5] c.n.d.provider.DiscoveryJerseyProvider   : Using JSON decoding codec LegacyJacksonJson
2017-07-16 13:03:57.633  INFO 13004 --- [Thread-5] c.n.d.provider.DiscoveryJerseyProvider   : Using XML encoding codec XStreamXml
2017-07-16 13:03:57.633  INFO 13004 --- [Thread-5] c.n.d.provider.DiscoveryJerseyProvider   : Using XML decoding codec XStreamXml
2017-07-16 13:03:57.845  INFO 13004 --- [Thread-5] c.n.d.s.r.aws.ConfigClusterResolver      : Resolving eureka endpoints via configuration
2017-07-16 13:03:58.016  INFO 13004 --- [Thread-5] com.netflix.discovery.DiscoveryClient    : Disable delta property : false
2017-07-16 13:03:58.016  INFO 13004 --- [Thread-5] com.netflix.discovery.DiscoveryClient    : Single vip registry refresh property : null
2017-07-16 13:03:58.016  INFO 13004 --- [Thread-5] com.netflix.discovery.DiscoveryClient    : Force full registry fetch : false
2017-07-16 13:03:58.016  INFO 13004 --- [Thread-5] com.netflix.discovery.DiscoveryClient    : Application is null : false
2017-07-16 13:03:58.016  INFO 13004 --- [Thread-5] com.netflix.discovery.DiscoveryClient    : Registered Applications size is zero : true
2017-07-16 13:03:58.016  INFO 13004 --- [Thread-5] com.netflix.discovery.DiscoveryClient    : Application version is -1: true
2017-07-16 13:03:58.016  INFO 13004 --- [Thread-5] com.netflix.discovery.DiscoveryClient    : Getting all instance registry info from the eureka server
2017-07-16 13:03:58.267  INFO 13004 --- [Thread-5] com.netflix.discovery.DiscoveryClient    : The response status is 200
2017-07-16 13:03:58.269  INFO 13004 --- [Thread-5] com.netflix.discovery.DiscoveryClient    : Starting heartbeat executor: renew interval is: 30
2017-07-16 13:03:58.271  INFO 13004 --- [Thread-5] c.n.discovery.InstanceInfoReplicator     : InstanceInfoReplicator onDemand update allowed rate per min is 4
2017-07-16 13:03:58.273  INFO 13004 --- [Thread-5] com.netflix.discovery.DiscoveryClient    : Discovery Client initialized at timestamp 1500181438273 with initial instances count: 2
2017-07-16 13:03:58.302  INFO 13004 --- [Thread-5] com.netflix.discovery.DiscoveryClient    : Shutting down DiscoveryClient ...
2017-07-16 13:03:58.303  INFO 13004 --- [Thread-5] com.netflix.discovery.DiscoveryClient    : Unregistering ...
2017-07-16 13:03:58.312  INFO 13004 --- [Thread-5] com.netflix.discovery.DiscoveryClient    : DiscoveryClient_EUREKA-CONSUMER/192.168.1.104:eureka-consumer:-1 - deregister  status: 404
2017-07-16 13:03:58.316  INFO 13004 --- [Thread-5] com.netflix.discovery.DiscoveryClient    : Completed shut down of DiscoveryClient
2017-07-16 13:03:58.318  INFO 13004 --- [Thread-5] o.s.c.support.DefaultLifecycleProcessor  : Stopping beans in phase 0
